[debug] [2023-05-04T17:37:31.413Z] ----------------------------------------------------------------------
[debug] [2023-05-04T17:37:31.419Z] Command:       /opt/homebrew/Cellar/node/19.6.0/bin/node /opt/homebrew/bin/firebase init
[debug] [2023-05-04T17:37:31.420Z] CLI Version:   11.30.0
[debug] [2023-05-04T17:37:31.420Z] Platform:      darwin
[debug] [2023-05-04T17:37:31.420Z] Node Version:  v19.6.0
[debug] [2023-05-04T17:37:31.420Z] Time:          Thu May 04 2023 10:37:31 GMT-0700 (Pacific Daylight Time)
[debug] [2023-05-04T17:37:31.420Z] ----------------------------------------------------------------------
[debug] 
[debug] [2023-05-04T17:37:31.423Z] > command requires scopes: ["email","openid","https://www.googleapis.com/auth/cloudplatformprojects.readonly","https://www.googleapis.com/auth/firebase","https://www.googleapis.com/auth/cloud-platform"]
[debug] [2023-05-04T17:37:31.423Z] > authorizing via signed-in user (philimonnag@gmail.com)
[info] 
     ######## #### ########  ######## ########     ###     ######  ########
     ##        ##  ##     ## ##       ##     ##  ##   ##  ##       ##
     ######    ##  ########  ######   ########  #########  ######  ######
     ##        ##  ##    ##  ##       ##     ## ##     ##       ## ##
     ##       #### ##     ## ######## ########  ##     ##  ######  ########

You're about to initialize a Firebase project in this directory:

  /Users/philimonnag/Desktop/portfolio/portfolio

[info] 
=== Project Setup
[info] 
[info] First, let's associate this project directory with a Firebase project.
[info] You can create multiple project aliases by running firebase use --add, 
[info] but for now we'll just set up a default project.
[info] 
[debug] [2023-05-04T17:38:03.639Z] >>> [apiv2][query] GET https://firebase.googleapis.com/v1beta1/projects pageSize=100
[debug] [2023-05-04T17:38:04.640Z] <<< [apiv2][status] GET https://firebase.googleapis.com/v1beta1/projects 200
[debug] [2023-05-04T17:38:04.640Z] <<< [apiv2][body] GET https://firebase.googleapis.com/v1beta1/projects [omitted]
[debug] [2023-05-04T17:38:21.700Z] ----------------------------------------------------------------------
[debug] [2023-05-04T17:38:21.702Z] Command:       /opt/homebrew/Cellar/node/19.6.0/bin/node /opt/homebrew/bin/firebase init
[debug] [2023-05-04T17:38:21.702Z] CLI Version:   11.30.0
[debug] [2023-05-04T17:38:21.702Z] Platform:      darwin
[debug] [2023-05-04T17:38:21.702Z] Node Version:  v19.6.0
[debug] [2023-05-04T17:38:21.702Z] Time:          Thu May 04 2023 10:38:21 GMT-0700 (Pacific Daylight Time)
[debug] [2023-05-04T17:38:21.702Z] ----------------------------------------------------------------------
[debug] 
[debug] [2023-05-04T17:38:21.705Z] > command requires scopes: ["email","openid","https://www.googleapis.com/auth/cloudplatformprojects.readonly","https://www.googleapis.com/auth/firebase","https://www.googleapis.com/auth/cloud-platform"]
[debug] [2023-05-04T17:38:21.706Z] > authorizing via signed-in user (philimonnag@gmail.com)
[info] 
     ######## #### ########  ######## ########     ###     ######  ########
     ##        ##  ##     ## ##       ##     ##  ##   ##  ##       ##
     ######    ##  ########  ######   ########  #########  ######  ######
     ##        ##  ##    ##  ##       ##     ## ##     ##       ## ##
     ##       #### ##     ## ######## ########  ##     ##  ######  ########

You're about to initialize a Firebase project in this directory:

  /Users/philimonnag/Desktop/portfolio/portfolio

[info] 
=== Project Setup
[info] 
[info] First, let's associate this project directory with a Firebase project.
[info] You can create multiple project aliases by running firebase use --add, 
[info] but for now we'll just set up a default project.
[info] 
[info] i  If you want to create a project in a Google Cloud organization or folder, please use "firebase projects:create" instead, and return to this command when you've created the project. 
[debug] [2023-05-04T17:39:28.520Z] >>> [apiv2][query] POST https://cloudresourcemanager.googleapis.com/v1/projects [none]
[debug] [2023-05-04T17:39:28.520Z] >>> [apiv2][body] POST https://cloudresourcemanager.googleapis.com/v1/projects {"projectId":"portfolio","name":"portfolio"}
[debug] [2023-05-04T17:39:30.477Z] <<< [apiv2][status] POST https://cloudresourcemanager.googleapis.com/v1/projects 409
[debug] [2023-05-04T17:39:30.478Z] <<< [apiv2][body] POST https://cloudresourcemanager.googleapis.com/v1/projects {"error":{"code":409,"message":"Requested entity already exists","status":"ALREADY_EXISTS"}}
[debug] [2023-05-04T17:39:31.168Z] FirebaseError: HTTP Error: 409, Requested entity already exists
    at responseToError (/opt/homebrew/lib/node_modules/firebase-tools/lib/responseToError.js:49:12)
    at RetryOperation._fn (/opt/homebrew/lib/node_modules/firebase-tools/lib/apiv2.js:288:77)
    at process.processTicksAndRejections (node:internal/process/task_queues:95:5)
[error] 
[error] Error: Failed to create project because there is already a project with ID portfolio. Please try again with a unique project ID.
[debug] [2023-05-04T17:40:20.088Z] ----------------------------------------------------------------------
[debug] [2023-05-04T17:40:20.094Z] Command:       /opt/homebrew/Cellar/node/19.6.0/bin/node /opt/homebrew/bin/firebase init
[debug] [2023-05-04T17:40:20.094Z] CLI Version:   11.30.0
[debug] [2023-05-04T17:40:20.094Z] Platform:      darwin
[debug] [2023-05-04T17:40:20.094Z] Node Version:  v19.6.0
[debug] [2023-05-04T17:40:20.095Z] Time:          Thu May 04 2023 10:40:20 GMT-0700 (Pacific Daylight Time)
[debug] [2023-05-04T17:40:20.095Z] ----------------------------------------------------------------------
[debug] 
[debug] [2023-05-04T17:40:20.097Z] > command requires scopes: ["email","openid","https://www.googleapis.com/auth/cloudplatformprojects.readonly","https://www.googleapis.com/auth/firebase","https://www.googleapis.com/auth/cloud-platform"]
[debug] [2023-05-04T17:40:20.098Z] > authorizing via signed-in user (philimonnag@gmail.com)
[info] 
     ######## #### ########  ######## ########     ###     ######  ########
     ##        ##  ##     ## ##       ##     ##  ##   ##  ##       ##
     ######    ##  ########  ######   ########  #########  ######  ######
     ##        ##  ##    ##  ##       ##     ## ##     ##       ## ##
     ##       #### ##     ## ######## ########  ##     ##  ######  ########

You're about to initialize a Firebase project in this directory:

  /Users/philimonnag/Desktop/portfolio/portfolio

[info] 
=== Project Setup
[info] 
[info] First, let's associate this project directory with a Firebase project.
[info] You can create multiple project aliases by running firebase use --add, 
[info] but for now we'll just set up a default project.
[info] 
[debug] [2023-05-04T17:40:29.622Z] >>> [apiv2][query] GET https://firebase.googleapis.com/v1beta1/projects pageSize=100
[debug] [2023-05-04T17:40:31.107Z] <<< [apiv2][status] GET https://firebase.googleapis.com/v1beta1/projects 200
[debug] [2023-05-04T17:40:31.108Z] <<< [apiv2][body] GET https://firebase.googleapis.com/v1beta1/projects [omitted]
